#
# There is insufficient memory for the Java Runtime Environment to continue.
# Native memory allocation (malloc) failed to allocate 1048576 bytes. Error detail: AllocateHeap
# Possible reasons:
#   The system is out of physical RAM or swap space
#   This process is running with CompressedOops enabled, and the Java Heap may be blocking the growth of the native heap
# Possible solutions:
#   Reduce memory load on the system
#   Increase physical memory or swap space
#   Check if swap backing store is full
#   Decrease Java heap size (-Xmx/-Xms)
#   Decrease number of Java threads
#   Decrease Java thread stack sizes (-Xss)
#   Set larger code cache with -XX:ReservedCodeCacheSize=
#   JVM is running with Unscaled Compressed Oops mode in which the Java heap is
#     placed in the first 4GB address space. The Java Heap base address is the
#     maximum limit for the native heap growth. Please use -XX:HeapBaseMinAddress
#     to set the Java Heap base and to place the Java Heap above 4GB virtual address.
# This output file may be truncated or incomplete.
#
#  Out of Memory Error (allocation.cpp:44), pid=14716, tid=8244
#
# JRE version: OpenJDK Runtime Environment Temurin-21.0.10+7 (21.0.10+7) (build 21.0.10+7-LTS)
# Java VM: OpenJDK 64-Bit Server VM Temurin-21.0.10+7 (21.0.10+7-LTS, mixed mode, sharing, tiered, compressed oops, compressed class ptrs, parallel gc, windows-amd64)
# No core dump will be written. Minidumps are not enabled by default on client versions of Windows
#

---------------  S U M M A R Y ------------

Command Line: --add-modules=ALL-SYSTEM --add-opens=java.base/java.util=ALL-UNNAMED --add-opens=java.base/java.lang=ALL-UNNAMED --add-opens=java.base/sun.nio.fs=ALL-UNNAMED -Declipse.application=org.eclipse.jdt.ls.core.id1 -Dosgi.bundles.defaultStartLevel=4 -Declipse.product=org.eclipse.jdt.ls.core.product -Djava.import.generatesMetadataFilesAtProjectRoot=false -DDetectVMInstallationsJob.disabled=true -Dfile.encoding=utf8 -XX:+UseParallelGC -XX:GCTimeRatio=4 -XX:AdaptiveSizePolicyWeight=90 -Dsun.zip.disableMemoryMapping=true -Xmx2G -Xms100m -Xlog:disable -javaagent:c:\Users\ADMIN\.vscode\extensions\redhat.java-1.54.0-win32-x64\lombok\lombok-1.18.39-4050.jar -XX:+HeapDumpOnOutOfMemoryError -XX:HeapDumpPath=c:\Users\ADMIN\AppData\Roaming\Code\User\workspaceStorage\219e1a93732ce2cdba2c1deeac59f578\redhat.java -Daether.dependencyCollector.impl=bf c:\Users\ADMIN\.vscode\extensions\redhat.java-1.54.0-win32-x64\server\plugins\org.eclipse.equinox.launcher_1.7.100.v20251111-0406.jar -configuration c:\Users\ADMIN\AppData\Roaming\Code\User\globalStorage\redhat.java\1.54.0\config_win -data c:\Users\ADMIN\AppData\Roaming\Code\User\workspaceStorage\219e1a93732ce2cdba2c1deeac59f578\redhat.java\jdt_ws --pipe=\\.\pipe\lsp-2e3d66f223e626a789325f0e8ada6834-sock

Host: 11th Gen Intel(R) Core(TM) i5-1135G7 @ 2.40GHz, 8 cores, 7G,  Windows 11 , 64 bit Build 26100 (10.0.26100.8521)
Time: Sun May 31 16:11:09 2026 India Standard Time elapsed time: 2287.819182 seconds (0d 0h 38m 7s)

---------------  T H R E A D  ---------------

Current thread (0x0000027cb0aac580):  JavaThread "Attach Listener" daemon [_thread_in_vm, id=8244, stack(0x000000d0b4500000,0x000000d0b4600000) (1024K)]

Stack: [0x000000d0b4500000,0x000000d0b4600000]
Native frames: (J=compiled Java code, j=interpreted, Vv=VM code, C=native code)
V  [jvm.dll+0x6d7a39]
V  [jvm.dll+0x8b4b26]
V  [jvm.dll+0x8b70de]
V  [jvm.dll+0x8b77c3]
V  [jvm.dll+0x284346]
V  [jvm.dll+0xc1277]
V  [jvm.dll+0x6d82e9]
V  [jvm.dll+0x1334a6]
V  [jvm.dll+0x3f857e]
V  [jvm.dll+0x85f59d]
V  [jvm.dll+0x6d626d]
C  [ucrtbase.dll+0x2cd30]
C  [KERNEL32.DLL+0x2e957]
C  [ntdll.dll+0x87c1c]


---------------  P R O C E S S  ---------------

Threads class SMR info:
_java_thread_list=0x0000027cf94705c0, length=34, elements={
0x0000027c9a033d70, 0x0000027cb0a9e3f0, 0x0000027cb0aa2900, 0x0000027cb0aa96c0,
0x0000027cb0aac580, 0x0000027cb0ab73b0, 0x0000027cb0aba930, 0x0000027cb0acaef0,
0x0000027cf3444270, 0x0000027cb0ab9c10, 0x0000027cb0ab9580, 0x0000027cb0abafc0,
0x0000027cb0abb650, 0x0000027cb0ab8860, 0x0000027cb0abbce0, 0x0000027cb0aba2a0,
0x0000027cb0ab8ef0, 0x0000027cf8c25000, 0x0000027cf8c263b0, 0x0000027cf8c24970,
0x0000027cf8c27760, 0x0000027cf8c291a0, 0x0000027cf8c2a550, 0x0000027cf8c29ec0,
0x0000027cf8c270d0, 0x0000027cf8c28480, 0x0000027cf8c27df0, 0x0000027cf8c2abe0,
0x0000027cf8c29830, 0x0000027cf9189d30, 0x0000027cf918b0e0, 0x0000027cf918a3c0,
0x0000027cf918f910, 0x0000027cf918be00
}

Java Threads: ( => current thread )
  0x0000027c9a033d70 JavaThread "main"                              [_thread_blocked, id=4568, stack(0x000000d0b3e00000,0x000000d0b3f00000) (1024K)]
  0x0000027cb0a9e3f0 JavaThread "Reference Handler"          daemon [_thread_blocked, id=24568, stack(0x000000d0b4200000,0x000000d0b4300000) (1024K)]
  0x0000027cb0aa2900 JavaThread "Finalizer"                  daemon [_thread_blocked, id=18848, stack(0x000000d0b4300000,0x000000d0b4400000) (1024K)]
  0x0000027cb0aa96c0 JavaThread "Signal Dispatcher"          daemon [_thread_blocked, id=16808, stack(0x000000d0b4400000,0x000000d0b4500000) (1024K)]
=>0x0000027cb0aac580 JavaThread "Attach Listener"            daemon [_thread_in_vm, id=8244, stack(0x000000d0b4500000,0x000000d0b4600000) (1024K)]
  0x0000027cb0ab73b0 JavaThread "Service Thread"             daemon [_thread_blocked, id=16936, stack(0x000000d0b4600000,0x000000d0b4700000) (1024K)]
  0x0000027cb0aba930 JavaThread "Monitor Deflation Thread"   daemon [_thread_blocked, id=18820, stack(0x000000d0b4700000,0x000000d0b4800000) (1024K)]
  0x0000027cb0acaef0 JavaThread "C2 CompilerThread0"         daemon [_thread_blocked, id=21300, stack(0x000000d0b4800000,0x000000d0b4900000) (1024K)]
  0x0000027cf3444270 JavaThread "C1 CompilerThread0"         daemon [_thread_blocked, id=10416, stack(0x000000d0b4900000,0x000000d0b4a00000) (1024K)]
  0x0000027cb0ab9c10 JavaThread "Common-Cleaner"             daemon [_thread_blocked, id=13120, stack(0x000000d0b4a00000,0x000000d0b4b00000) (1024K)]
  0x0000027cb0ab9580 JavaThread "Notification Thread"        daemon [_thread_blocked, id=12360, stack(0x000000d0b4b00000,0x000000d0b4c00000) (1024K)]
  0x0000027cb0abafc0 JavaThread "Active Thread: Equinox Container: ce3d606e-c44f-4d39-8b03-76fec626fcfd"        [_thread_blocked, id=23956, stack(0x000000d0b5400000,0x000000d0b5500000) (1024K)]
  0x0000027cb0abb650 JavaThread "Refresh Thread: Equinox Container: ce3d606e-c44f-4d39-8b03-76fec626fcfd" daemon [_thread_blocked, id=25920, stack(0x000000d0b5600000,0x000000d0b5700000) (1024K)]
  0x0000027cb0ab8860 JavaThread "Framework Event Dispatcher: Equinox Container: ce3d606e-c44f-4d39-8b03-76fec626fcfd" daemon [_thread_blocked, id=24404, stack(0x000000d0b5700000,0x000000d0b5800000) (1024K)]
  0x0000027cb0abbce0 JavaThread "Start Level: Equinox Container: ce3d606e-c44f-4d39-8b03-76fec626fcfd" daemon [_thread_blocked, id=9092, stack(0x000000d0b5800000,0x000000d0b5900000) (1024K)]
  0x0000027cb0aba2a0 JavaThread "Bundle File Closer"         daemon [_thread_blocked, id=16788, stack(0x000000d0b5300000,0x000000d0b5400000) (1024K)]
  0x0000027cb0ab8ef0 JavaThread "SCR Component Actor"        daemon [_thread_blocked, id=24920, stack(0x000000d0b4c00000,0x000000d0b4d00000) (1024K)]
  0x0000027cf8c25000 JavaThread "Worker-JM"                         [_thread_blocked, id=8116, stack(0x000000d0b5900000,0x000000d0b5a00000) (1024K)]
  0x0000027cf8c263b0 JavaThread "JNA Cleaner"                daemon [_thread_blocked, id=2524, stack(0x000000d0b5b00000,0x000000d0b5c00000) (1024K)]
  0x0000027cf8c24970 JavaThread "Java indexing"              daemon [_thread_blocked, id=23536, stack(0x000000d0b5f00000,0x000000d0b6000000) (1024K)]
  0x0000027cf8c27760 JavaThread "Thread-1"                   daemon [_thread_in_native, id=22428, stack(0x000000d0b6500000,0x000000d0b6600000) (1024K)]
  0x0000027cf8c291a0 JavaThread "Thread-2"                   daemon [_thread_in_native, id=26092, stack(0x000000d0b6600000,0x000000d0b6700000) (1024K)]
  0x0000027cf8c2a550 JavaThread "Thread-3"                   daemon [_thread_in_native, id=5016, stack(0x000000d0b6700000,0x000000d0b6800000) (1024K)]
  0x0000027cf8c29ec0 JavaThread "Thread-4"                   daemon [_thread_in_native, id=12168, stack(0x000000d0b6800000,0x000000d0b6900000) (1024K)]
  0x0000027cf8c270d0 JavaThread "Thread-5"                   daemon [_thread_in_native, id=8648, stack(0x000000d0b6900000,0x000000d0b6a00000) (1024K)]
  0x0000027cf8c28480 JavaThread "Thread-6"                   daemon [_thread_in_native, id=2112, stack(0x000000d0b6a00000,0x000000d0b6b00000) (1024K)]
  0x0000027cf8c27df0 JavaThread "Thread-7"                   daemon [_thread_in_native, id=17876, stack(0x000000d0b6b00000,0x000000d0b6c00000) (1024K)]
  0x0000027cf8c2abe0 JavaThread "Thread-8"                   daemon [_thread_in_native, id=12504, stack(0x000000d0b6c00000,0x000000d0b6d00000) (1024K)]
  0x0000027cf8c29830 JavaThread "Thread-9"                   daemon [_thread_in_native, id=13928, stack(0x000000d0b6d00000,0x000000d0b6e00000) (1024K)]
  0x0000027cf9189d30 JavaThread "pool-2-thread-1"                   [_thread_blocked, id=26052, stack(0x000000d0b6e00000,0x000000d0b6f00000) (1024K)]
  0x0000027cf918b0e0 JavaThread "WorkspaceEventsHandler"            [_thread_blocked, id=1292, stack(0x000000d0b6f00000,0x000000d0b7000000) (1024K)]
  0x0000027cf918a3c0 JavaThread "pool-1-thread-1"                   [_thread_blocked, id=25640, stack(0x000000d0b7000000,0x000000d0b7100000) (1024K)]
  0x0000027cf918f910 JavaThread "Worker-7"                          [_thread_blocked, id=23220, stack(0x000000d0b5e00000,0x000000d0b5f00000) (1024K)]
  0x0000027cf918be00 JavaThread "Worker-8"                          [_thread_blocked, id=1576, stack(0x000000d0b6100000,0x000000d0b6200000) (1024K)]
Total: 34

Other Threads:
  0x0000027cb0a935f0 VMThread "VM Thread"                           [id=7140, stack(0x000000d0b4100000,0x000000d0b4200000) (1024K)]
  0x0000027c9a0983d0 WatcherThread "VM Periodic Task Thread"        [id=1720, stack(0x000000d0b4000000,0x000000d0b4100000) (1024K)]
  0x0000027c9a04b300 WorkerThread "GC Thread#0"                     [id=10212, stack(0x000000d0b3f00000,0x000000d0b4000000) (1024K)]
  0x0000027cf832a0d0 WorkerThread "GC Thread#1"                     [id=25520, stack(0x000000d0b4d00000,0x000000d0b4e00000) (1024K)]
  0x0000027cf856c4d0 WorkerThread "GC Thread#2"                     [id=25744, stack(0x000000d0b4e00000,0x000000d0b4f00000) (1024K)]
  0x0000027cf832a480 WorkerThread "GC Thread#3"                     [id=25484, stack(0x000000d0b4f00000,0x000000d0b5000000) (1024K)]
  0x0000027cf832a830 WorkerThread "GC Thread#4"                     [id=4460, stack(0x000000d0b5000000,0x000000d0b5100000) (1024K)]
  0x0000027cf80ecfa0 WorkerThread "GC Thread#5"                     [id=25792, stack(0x000000d0b5100000,0x000000d0b5200000) (1024K)]
  0x0000027cf80ed350 WorkerThread "GC Thread#6"                     [id=13728, stack(0x000000d0b5200000,0x000000d0b5300000) (1024K)]
  0x0000027cf83a2fe0 WorkerThread "GC Thread#7"                     [id=25924, stack(0x000000d0b5500000,0x000000d0b5600000) (1024K)]
Total: 10

Threads with active compile tasks:
Total: 0

VM state: not at safepoint (normal execution)

VM Mutex/Monitor currently owned by a thread: None

Heap address: 0x0000000080000000, size: 2048 MB, Compressed Oops mode: 32-bit

CDS archive(s) mapped at: [0x0000027cb1000000-0x0000027cb1ba0000-0x0000027cb1ba0000), size 12189696, SharedBaseAddress: 0x0000027cb1000000, ArchiveRelocationMode: 1.
Compressed class space mapped at: 0x0000027cb2000000-0x0000027cf2000000, reserved size: 1073741824
Narrow klass base: 0x0000027cb1000000, Narrow klass shift: 0, Narrow klass range: 0x100000000

GC Precious Log:
 CardTable entry size: 512
 CPUs: 8 total, 8 available
 Memory: 7834M
 Large Page Support: Disabled
 NUMA Support: Disabled
 Compressed Oops: Enabled (32-bit)
 Alignments: Space 512K, Generation 512K, Heap 2M
 Heap Min Capacity: 100M
 Heap Initial Capacity: 100M
 Heap Max Capacity: 2G
 Pre-touch: Disabled
 Parallel Workers: 8

Heap:
 PSYoungGen      total 21504K, used 7158K [0x00000000d5580000, 0x00000000d6f80000, 0x0000000100000000)
  eden space 20992K, 31% used [0x00000000d5580000,0x00000000d5c01780,0x00000000d6a00000)
  from space 512K, 96% used [0x00000000d6f00000,0x00000000d6f7c150,0x00000000d6f80000)
  to   space 2048K, 0% used [0x00000000d6b80000,0x00000000d6b80000,0x00000000d6d80000)
 ParOldGen       total 68608K, used 47998K [0x0000000080000000, 0x0000000084300000, 0x00000000d5580000)
  object space 68608K, 69% used [0x0000000080000000,0x0000000082edfa58,0x0000000084300000)
 Metaspace       used 63026K, committed 64384K, reserved 1114112K
  class space    used 6691K, committed 7232K, reserved 1048576K

Card table byte_map: [0x0000027c999c0000,0x0000027c99dd0000] _byte_map_base: 0x0000027c995c0000

Marking Bits: (ParMarkBitMap*) 0x00007ffdb3693450
 Begin Bits: [0x0000027cac4d0000, 0x0000027cae4d0000)
 End Bits:   [0x0000027cae4d0000, 0x0000027cb04d0000)

Polling page: 0x0000027c97ea0000

Metaspace:

Usage:
  Non-class:     55.02 MB used.
      Class:      6.53 MB used.
       Both:     61.55 MB used.

Virtual space:
  Non-class space:       64.00 MB reserved,      55.81 MB ( 87%) committed,  1 nodes.
      Class space:        1.00 GB reserved,       7.06 MB ( <1%) committed,  1 nodes.
             Both:        1.06 GB reserved,      62.88 MB (  6%) committed. 

Chunk freelists:
   Non-Class:  7.39 MB
       Class:  8.82 MB
        Both:  16.21 MB

MaxMetaspaceSize: unlimited
CompressedClassSpaceSize: 1.00 GB
Initial GC threshold: 21.00 MB
Current GC threshold: 97.31 MB
CDS: on
 - commit_granule_bytes: 65536.
 - commit_granule_words: 8192.
 - virtual_space_node_default_size: 8388608.
 - enlarge_chunks_in_place: 1.
 - use_allocation_guard: 0.


Internal statistics:

num_allocs_failed_limit: 9.
num_arena_births: 1014.
num_arena_deaths: 36.
num_vsnodes_births: 2.
num_vsnodes_deaths: 0.
num_space_committed: 1006.
num_space_uncommitted: 0.
num_chunks_returned_to_freelist: 52.
num_chunks_taken_from_freelist: 3897.
num_chunk_merges: 15.
num_chunk_splits: 2428.
num_chunks_enlarged: 1454.
num_inconsistent_stats: 0.

CodeHeap 'non-profiled nmethods': size=120000Kb used=6555Kb max_used=6555Kb free=113444Kb
 bounds [0x0000027ca4cf0000, 0x0000027ca5360000, 0x0000027cac220000]
CodeHeap 'profiled nmethods': size=120000Kb used=18383Kb max_used=18383Kb free=101616Kb
 bounds [0x0000027c9d220000, 0x0000027c9e420000, 0x0000027ca4750000]
CodeHeap 'non-nmethods': size=5760Kb used=1443Kb max_used=1509Kb free=4316Kb
 bounds [0x0000027ca4750000, 0x0000027ca49c0000, 0x0000027ca4cf0000]
CodeCache: size=245760Kb, used=26381Kb, max_used=26447Kb, free=219376Kb
 total_blobs=9178, nmethods=8428, adapters=656, full_count=0
Compilation: enabled, stopped_count=0, restarted_count=0

Compilation events (20 events):
Event: 1719.932 Thread 0x0000027cf3444270 9153       1       com.sun.jna.internal.Cleaner::access$100 (5 bytes)
Event: 1719.932 Thread 0x0000027cf3444270 nmethod 9153 0x0000027ca5356a10 code [0x0000027ca5356ba0, 0x0000027ca5356c50]
Event: 1771.292 Thread 0x0000027cf3444270 9154       3       java.util.concurrent.ThreadPoolExecutor::beforeExecute (1 bytes)
Event: 1771.292 Thread 0x0000027cf3444270 nmethod 9154 0x0000027c9daa3a10 code [0x0000027c9daa3ba0, 0x0000027c9daa3ca8]
Event: 1841.162 Thread 0x0000027cf3444270 9155       3       java.util.concurrent.ThreadPoolExecutor::afterExecute (1 bytes)
Event: 1841.163 Thread 0x0000027cf3444270 nmethod 9155 0x0000027c9e40b210 code [0x0000027c9e40b3a0, 0x0000027c9e40b4a8]
Event: 2091.329 Thread 0x0000027cf3444270 9156       3       java.util.concurrent.ScheduledThreadPoolExecutor$DelayedWorkQueue::finishPoll (43 bytes)
Event: 2091.330 Thread 0x0000027cf3444270 nmethod 9156 0x0000027c9e40b510 code [0x0000027c9e40b6e0, 0x0000027c9e40bc68]
Event: 2091.330 Thread 0x0000027cf3444270 9157       3       java.util.concurrent.locks.AbstractQueuedSynchronizer$ConditionObject::awaitNanos (202 bytes)
Event: 2091.331 Thread 0x0000027cf3444270 nmethod 9157 0x0000027c9e40be10 code [0x0000027c9e40c100, 0x0000027c9e40cf20]
Event: 2101.337 Thread 0x0000027cf3444270 9158   !   3       java.util.concurrent.ScheduledThreadPoolExecutor$DelayedWorkQueue::offer (123 bytes)
Event: 2101.339 Thread 0x0000027cf3444270 nmethod 9158 0x0000027c9e40d490 code [0x0000027c9e40d7a0, 0x0000027c9e40eb30]
Event: 2101.339 Thread 0x0000027cf3444270 9159       3       java.util.concurrent.ThreadPoolExecutor::ensurePrestart (41 bytes)
Event: 2101.340 Thread 0x0000027cf3444270 nmethod 9159 0x0000027c9e40f390 code [0x0000027c9e40f560, 0x0000027c9e40f810]
Event: 2121.361 Thread 0x0000027cf3444270 9160   !   3       java.util.concurrent.FutureTask::runAndReset (125 bytes)
Event: 2121.366 Thread 0x0000027cf3444270 nmethod 9160 0x0000027c9e40f910 code [0x0000027c9e40fd80, 0x0000027c9e4121a0]
Event: 2121.367 Thread 0x0000027cf3444270 9161       3       java.util.concurrent.ScheduledThreadPoolExecutor$ScheduledFutureTask::setNextRunTime (38 bytes)
Event: 2121.367 Thread 0x0000027cf3444270 nmethod 9161 0x0000027c9e412d10 code [0x0000027c9e412ec0, 0x0000027c9e413150]
Event: 2121.367 Thread 0x0000027cf3444270 9162       3       java.util.concurrent.ScheduledThreadPoolExecutor::reExecutePeriodic (49 bytes)
Event: 2121.368 Thread 0x0000027cf3444270 nmethod 9162 0x0000027c9e413210 code [0x0000027c9e413440, 0x0000027c9e413bc0]

GC Heap History (20 events):
Event: 19.203 GC heap before
{Heap before GC invocations=32 (full 2):
 PSYoungGen      total 22528K, used 22504K [0x00000000d5580000, 0x00000000d6f80000, 0x0000000100000000)
  eden space 21504K, 100% used [0x00000000d5580000,0x00000000d6a80000,0x00000000d6a80000)
  from space 1024K, 97% used [0x00000000d6b80000,0x00000000d6c7a2d0,0x00000000d6c80000)
  to   space 2560K, 0% used [0x00000000d6d00000,0x00000000d6d00000,0x00000000d6f80000)
 ParOldGen       total 68608K, used 43431K [0x0000000080000000, 0x0000000084300000, 0x00000000d5580000)
  object space 68608K, 63% used [0x0000000080000000,0x0000000082a69eb0,0x0000000084300000)
 Metaspace       used 52764K, committed 53952K, reserved 1114112K
  class space    used 5709K, committed 6208K, reserved 1048576K
}
Event: 19.205 GC heap after
{Heap after GC invocations=32 (full 2):
 PSYoungGen      total 22016K, used 320K [0x00000000d5580000, 0x00000000d6d80000, 0x0000000100000000)
  eden space 21504K, 0% used [0x00000000d5580000,0x00000000d5580000,0x00000000d6a80000)
  from space 512K, 62% used [0x00000000d6d00000,0x00000000d6d50000,0x00000000d6d80000)
  to   space 1024K, 0% used [0x00000000d6b80000,0x00000000d6b80000,0x00000000d6c80000)
 ParOldGen       total 68608K, used 43567K [0x0000000080000000, 0x0000000084300000, 0x00000000d5580000)
  object space 68608K, 63% used [0x0000000080000000,0x0000000082a8beb0,0x0000000084300000)
 Metaspace       used 52764K, committed 53952K, reserved 1114112K
  class space    used 5709K, committed 6208K, reserved 1048576K
}
Event: 19.796 GC heap before
{Heap before GC invocations=33 (full 2):
 PSYoungGen      total 22016K, used 21823K [0x00000000d5580000, 0x00000000d6d80000, 0x0000000100000000)
  eden space 21504K, 99% used [0x00000000d5580000,0x00000000d6a7ffe8,0x00000000d6a80000)
  from space 512K, 62% used [0x00000000d6d00000,0x00000000d6d50000,0x00000000d6d80000)
  to   space 1024K, 0% used [0x00000000d6b80000,0x00000000d6b80000,0x00000000d6c80000)
 ParOldGen       total 68608K, used 43567K [0x0000000080000000, 0x0000000084300000, 0x00000000d5580000)
  object space 68608K, 63% used [0x0000000080000000,0x0000000082a8beb0,0x0000000084300000)
 Metaspace       used 55121K, committed 56384K, reserved 1114112K
  class space    used 6005K, committed 6528K, reserved 1048576K
}
Event: 19.798 GC heap after
{Heap after GC invocations=33 (full 2):
 PSYoungGen      total 22528K, used 1016K [0x00000000d5580000, 0x00000000d6d80000, 0x0000000100000000)
  eden space 21504K, 0% used [0x00000000d5580000,0x00000000d5580000,0x00000000d6a80000)
  from space 1024K, 99% used [0x00000000d6b80000,0x00000000d6c7e1d8,0x00000000d6c80000)
  to   space 1024K, 0% used [0x00000000d6c80000,0x00000000d6c80000,0x00000000d6d80000)
 ParOldGen       total 68608K, used 43727K [0x0000000080000000, 0x0000000084300000, 0x00000000d5580000)
  object space 68608K, 63% used [0x0000000080000000,0x0000000082ab3eb0,0x0000000084300000)
 Metaspace       used 55121K, committed 56384K, reserved 1114112K
  class space    used 6005K, committed 6528K, reserved 1048576K
}
Event: 20.608 GC heap before
{Heap before GC invocations=34 (full 2):
 PSYoungGen      total 22528K, used 22520K [0x00000000d5580000, 0x00000000d6d80000, 0x0000000100000000)
  eden space 21504K, 100% used [0x00000000d5580000,0x00000000d6a80000,0x00000000d6a80000)
  from space 1024K, 99% used [0x00000000d6b80000,0x00000000d6c7e1d8,0x00000000d6c80000)
  to   space 1024K, 0% used [0x00000000d6c80000,0x00000000d6c80000,0x00000000d6d80000)
 ParOldGen       total 68608K, used 43727K [0x0000000080000000, 0x0000000084300000, 0x00000000d5580000)
  object space 68608K, 63% used [0x0000000080000000,0x0000000082ab3eb0,0x0000000084300000)
 Metaspace       used 58062K, committed 59392K, reserved 1114112K
  class space    used 6263K, committed 6848K, reserved 1048576K
}
Event: 20.612 GC heap after
{Heap after GC invocations=34 (full 2):
 PSYoungGen      total 22016K, used 1003K [0x00000000d5580000, 0x00000000d6f80000, 0x0000000100000000)
  eden space 20992K, 0% used [0x00000000d5580000,0x00000000d5580000,0x00000000d6a00000)
  from space 1024K, 97% used [0x00000000d6c80000,0x00000000d6d7ac70,0x00000000d6d80000)
  to   space 2560K, 0% used [0x00000000d6a00000,0x00000000d6a00000,0x00000000d6c80000)
 ParOldGen       total 68608K, used 45029K [0x0000000080000000, 0x0000000084300000, 0x00000000d5580000)
  object space 68608K, 65% used [0x0000000080000000,0x0000000082bf95d8,0x0000000084300000)
 Metaspace       used 58062K, committed 59392K, reserved 1114112K
  class space    used 6263K, committed 6848K, reserved 1048576K
}
Event: 20.714 GC heap before
{Heap before GC invocations=35 (full 2):
 PSYoungGen      total 22016K, used 6707K [0x00000000d5580000, 0x00000000d6f80000, 0x0000000100000000)
  eden space 20992K, 27% used [0x00000000d5580000,0x00000000d5b120b0,0x00000000d6a00000)
  from space 1024K, 97% used [0x00000000d6c80000,0x00000000d6d7ac70,0x00000000d6d80000)
  to   space 2560K, 0% used [0x00000000d6a00000,0x00000000d6a00000,0x00000000d6c80000)
 ParOldGen       total 68608K, used 45029K [0x0000000080000000, 0x0000000084300000, 0x00000000d5580000)
  object space 68608K, 65% used [0x0000000080000000,0x0000000082bf95d8,0x0000000084300000)
 Metaspace       used 58527K, committed 59776K, reserved 1114112K
  class space    used 6313K, committed 6848K, reserved 1048576K
}
Event: 20.717 GC heap after
{Heap after GC invocations=35 (full 2):
 PSYoungGen      total 22016K, used 884K [0x00000000d5580000, 0x00000000d6d80000, 0x0000000100000000)
  eden space 20992K, 0% used [0x00000000d5580000,0x00000000d5580000,0x00000000d6a00000)
  from space 1024K, 86% used [0x00000000d6a00000,0x00000000d6add098,0x00000000d6b00000)
  to   space 1536K, 0% used [0x00000000d6c00000,0x00000000d6c00000,0x00000000d6d80000)
 ParOldGen       total 68608K, used 45998K [0x0000000080000000, 0x0000000084300000, 0x00000000d5580000)
  object space 68608K, 67% used [0x0000000080000000,0x0000000082ceb818,0x0000000084300000)
 Metaspace       used 58527K, committed 59776K, reserved 1114112K
  class space    used 6313K, committed 6848K, reserved 1048576K
}
Event: 20.717 GC heap before
{Heap before GC invocations=36 (full 3):
 PSYoungGen      total 22016K, used 884K [0x00000000d5580000, 0x00000000d6d80000, 0x0000000100000000)
  eden space 20992K, 0% used [0x00000000d5580000,0x00000000d5580000,0x00000000d6a00000)
  from space 1024K, 86% used [0x00000000d6a00000,0x00000000d6add098,0x00000000d6b00000)
  to   space 1536K, 0% used [0x00000000d6c00000,0x00000000d6c00000,0x00000000d6d80000)
 ParOldGen       total 68608K, used 45998K [0x0000000080000000, 0x0000000084300000, 0x00000000d5580000)
  object space 68608K, 67% used [0x0000000080000000,0x0000000082ceb818,0x0000000084300000)
 Metaspace       used 58527K, committed 59776K, reserved 1114112K
  class space    used 6313K, committed 6848K, reserved 1048576K
}
Event: 20.854 GC heap after
{Heap after GC invocations=36 (full 3):
 PSYoungGen      total 22016K, used 0K [0x00000000d5580000, 0x00000000d6d80000, 0x0000000100000000)
  eden space 20992K, 0% used [0x00000000d5580000,0x00000000d5580000,0x00000000d6a00000)
  from space 1024K, 0% used [0x00000000d6a00000,0x00000000d6a00000,0x00000000d6b00000)
  to   space 1536K, 0% used [0x00000000d6c00000,0x00000000d6c00000,0x00000000d6d80000)
 ParOldGen       total 68608K, used 43211K [0x0000000080000000, 0x0000000084300000, 0x00000000d5580000)
  object space 68608K, 62% used [0x0000000080000000,0x0000000082a32f38,0x0000000084300000)
 Metaspace       used 58527K, committed 59776K, reserved 1114112K
  class space    used 6313K, committed 6848K, reserved 1048576K
}
Event: 21.491 GC heap before
{Heap before GC invocations=37 (full 3):
 PSYoungGen      total 22016K, used 20992K [0x00000000d5580000, 0x00000000d6d80000, 0x0000000100000000)
  eden space 20992K, 100% used [0x00000000d5580000,0x00000000d6a00000,0x00000000d6a00000)
  from space 1024K, 0% used [0x00000000d6a00000,0x00000000d6a00000,0x00000000d6b00000)
  to   space 1536K, 0% used [0x00000000d6c00000,0x00000000d6c00000,0x00000000d6d80000)
 ParOldGen       total 68608K, used 43211K [0x0000000080000000, 0x0000000084300000, 0x00000000d5580000)
  object space 68608K, 62% used [0x0000000080000000,0x0000000082a32f38,0x0000000084300000)
 Metaspace       used 59838K, committed 61248K, reserved 1114112K
  class space    used 6418K, committed 7040K, reserved 1048576K
}
Event: 21.494 GC heap after
{Heap after GC invocations=37 (full 3):
 PSYoungGen      total 22528K, used 1084K [0x00000000d5580000, 0x00000000d6d80000, 0x0000000100000000)
  eden space 20992K, 0% used [0x00000000d5580000,0x00000000d5580000,0x00000000d6a00000)
  from space 1536K, 70% used [0x00000000d6c00000,0x00000000d6d0f378,0x00000000d6d80000)
  to   space 1536K, 0% used [0x00000000d6a80000,0x00000000d6a80000,0x00000000d6c00000)
 ParOldGen       total 68608K, used 43219K [0x0000000080000000, 0x0000000084300000, 0x00000000d5580000)
  object space 68608K, 62% used [0x0000000080000000,0x0000000082a34f38,0x0000000084300000)
 Metaspace       used 59838K, committed 61248K, reserved 1114112K
  class space    used 6418K, committed 7040K, reserved 1048576K
}
Event: 22.564 GC heap before
{Heap before GC invocations=38 (full 3):
 PSYoungGen      total 22528K, used 22076K [0x00000000d5580000, 0x00000000d6d80000, 0x0000000100000000)
  eden space 20992K, 100% used [0x00000000d5580000,0x00000000d6a00000,0x00000000d6a00000)
  from space 1536K, 70% used [0x00000000d6c00000,0x00000000d6d0f378,0x00000000d6d80000)
  to   space 1536K, 0% used [0x00000000d6a80000,0x00000000d6a80000,0x00000000d6c00000)
 ParOldGen       total 68608K, used 43219K [0x0000000080000000, 0x0000000084300000, 0x00000000d5580000)
  object space 68608K, 62% used [0x0000000080000000,0x0000000082a34f38,0x0000000084300000)
 Metaspace       used 61171K, committed 62592K, reserved 1114112K
  class space    used 6567K, committed 7168K, reserved 1048576K
}
Event: 22.568 GC heap after
{Heap after GC invocations=38 (full 3):
 PSYoungGen      total 22528K, used 1504K [0x00000000d5580000, 0x00000000d7000000, 0x0000000100000000)
  eden space 20992K, 0% used [0x00000000d5580000,0x00000000d5580000,0x00000000d6a00000)
  from space 1536K, 97% used [0x00000000d6a80000,0x00000000d6bf8030,0x00000000d6c00000)
  to   space 3072K, 0% used [0x00000000d6d00000,0x00000000d6d00000,0x00000000d7000000)
 ParOldGen       total 68608K, used 44170K [0x0000000080000000, 0x0000000084300000, 0x00000000d5580000)
  object space 68608K, 64% used [0x0000000080000000,0x0000000082b228d0,0x0000000084300000)
 Metaspace       used 61171K, committed 62592K, reserved 1114112K
  class space    used 6567K, committed 7168K, reserved 1048576K
}
Event: 355.610 GC heap before
{Heap before GC invocations=39 (full 3):
 PSYoungGen      total 22528K, used 22496K [0x00000000d5580000, 0x00000000d7000000, 0x0000000100000000)
  eden space 20992K, 100% used [0x00000000d5580000,0x00000000d6a00000,0x00000000d6a00000)
  from space 1536K, 97% used [0x00000000d6a80000,0x00000000d6bf8030,0x00000000d6c00000)
  to   space 3072K, 0% used [0x00000000d6d00000,0x00000000d6d00000,0x00000000d7000000)
 ParOldGen       total 68608K, used 44170K [0x0000000080000000, 0x0000000084300000, 0x00000000d5580000)
  object space 68608K, 64% used [0x0000000080000000,0x0000000082b228d0,0x0000000084300000)
 Metaspace       used 62617K, committed 64000K, reserved 1114112K
  class space    used 6678K, committed 7232K, reserved 1048576K
}
Event: 355.658 GC heap after
{Heap after GC invocations=39 (full 3):
 PSYoungGen      total 23040K, used 1551K [0x00000000d5580000, 0x00000000d6f00000, 0x0000000100000000)
  eden space 20992K, 0% used [0x00000000d5580000,0x00000000d5580000,0x00000000d6a00000)
  from space 2048K, 75% used [0x00000000d6d00000,0x00000000d6e83c68,0x00000000d6f00000)
  to   space 2048K, 0% used [0x00000000d6b00000,0x00000000d6b00000,0x00000000d6d00000)
 ParOldGen       total 68608K, used 45532K [0x0000000080000000, 0x0000000084300000, 0x00000000d5580000)
  object space 68608K, 66% used [0x0000000080000000,0x0000000082c77110,0x0000000084300000)
 Metaspace       used 62617K, committed 64000K, reserved 1114112K
  class space    used 6678K, committed 7232K, reserved 1048576K
}
Event: 477.736 GC heap before
{Heap before GC invocations=40 (full 3):
 PSYoungGen      total 23040K, used 22543K [0x00000000d5580000, 0x00000000d6f00000, 0x0000000100000000)
  eden space 20992K, 100% used [0x00000000d5580000,0x00000000d6a00000,0x00000000d6a00000)
  from space 2048K, 75% used [0x00000000d6d00000,0x00000000d6e83c68,0x00000000d6f00000)
  to   space 2048K, 0% used [0x00000000d6b00000,0x00000000d6b00000,0x00000000d6d00000)
 ParOldGen       total 68608K, used 45532K [0x0000000080000000, 0x0000000084300000, 0x00000000d5580000)
  object space 68608K, 66% used [0x0000000080000000,0x0000000082c77110,0x0000000084300000)
 Metaspace       used 62825K, committed 64192K, reserved 1114112K
  class space    used 6691K, committed 7232K, reserved 1048576K
}
Event: 477.749 GC heap after
{Heap after GC invocations=40 (full 3):
 PSYoungGen      total 23040K, used 2022K [0x00000000d5580000, 0x00000000d7400000, 0x0000000100000000)
  eden space 20992K, 0% used [0x00000000d5580000,0x00000000d5580000,0x00000000d6a00000)
  from space 2048K, 98% used [0x00000000d6b00000,0x00000000d6cf9b40,0x00000000d6d00000)
  to   space 5120K, 0% used [0x00000000d6f00000,0x00000000d6f00000,0x00000000d7400000)
 ParOldGen       total 68608K, used 47854K [0x0000000080000000, 0x0000000084300000, 0x00000000d5580000)
  object space 68608K, 69% used [0x0000000080000000,0x0000000082ebba38,0x0000000084300000)
 Metaspace       used 62825K, committed 64192K, reserved 1114112K
  class space    used 6691K, committed 7232K, reserved 1048576K
}
Event: 537.067 GC heap before
{Heap before GC invocations=41 (full 3):
 PSYoungGen      total 23040K, used 22967K [0x00000000d5580000, 0x00000000d7400000, 0x0000000100000000)
  eden space 20992K, 99% used [0x00000000d5580000,0x00000000d69f4240,0x00000000d6a00000)
  from space 2048K, 98% used [0x00000000d6b00000,0x00000000d6cf9b40,0x00000000d6d00000)
  to   space 5120K, 0% used [0x00000000d6f00000,0x00000000d6f00000,0x00000000d7400000)
 ParOldGen       total 68608K, used 47854K [0x0000000080000000, 0x0000000084300000, 0x00000000d5580000)
  object space 68608K, 69% used [0x0000000080000000,0x0000000082ebba38,0x0000000084300000)
 Metaspace       used 62977K, committed 64384K, reserved 1114112K
  class space    used 6691K, committed 7232K, reserved 1048576K
}
Event: 537.074 GC heap after
{Heap after GC invocations=41 (full 3):
 PSYoungGen      total 21504K, used 496K [0x00000000d5580000, 0x00000000d6f80000, 0x0000000100000000)
  eden space 20992K, 0% used [0x00000000d5580000,0x00000000d5580000,0x00000000d6a00000)
  from space 512K, 96% used [0x00000000d6f00000,0x00000000d6f7c150,0x00000000d6f80000)
  to   space 2048K, 0% used [0x00000000d6b80000,0x00000000d6b80000,0x00000000d6d80000)
 ParOldGen       total 68608K, used 47998K [0x0000000080000000, 0x0000000084300000, 0x00000000d5580000)
  object space 68608K, 69% used [0x0000000080000000,0x0000000082edfa58,0x0000000084300000)
 Metaspace       used 62977K, committed 64384K, reserved 1114112K
  class space    used 6691K, committed 7232K, reserved 1048576K
}

Dll operation events (10 events):
Event: 0.020 Loaded shared library c:\Users\ADMIN\.vscode\extensions\redhat.java-1.54.0-win32-x64\jre\21.0.10-win32-x86_64\bin\java.dll
Event: 0.131 Loaded shared library c:\Users\ADMIN\.vscode\extensions\redhat.java-1.54.0-win32-x64\jre\21.0.10-win32-x86_64\bin\zip.dll
Event: 0.167 Loaded shared library C:\Users\ADMIN\.vscode\extensions\redhat.java-1.54.0-win32-x64\jre\21.0.10-win32-x86_64\bin\instrument.dll
Event: 0.176 Loaded shared library C:\Users\ADMIN\.vscode\extensions\redhat.java-1.54.0-win32-x64\jre\21.0.10-win32-x86_64\bin\net.dll
Event: 0.180 Loaded shared library C:\Users\ADMIN\.vscode\extensions\redhat.java-1.54.0-win32-x64\jre\21.0.10-win32-x86_64\bin\nio.dll
Event: 0.186 Loaded shared library C:\Users\ADMIN\.vscode\extensions\redhat.java-1.54.0-win32-x64\jre\21.0.10-win32-x86_64\bin\zip.dll
Event: 0.221 Loaded shared library C:\Users\ADMIN\.vscode\extensions\redhat.java-1.54.0-win32-x64\jre\21.0.10-win32-x86_64\bin\jimage.dll
Event: 0.376 Loaded shared library c:\Users\ADMIN\.vscode\extensions\redhat.java-1.54.0-win32-x64\jre\21.0.10-win32-x86_64\bin\verify.dll
Event: 2.994 Loaded shared library C:\Users\ADMIN\AppData\Roaming\Code\User\globalStorage\redhat.java\1.54.0\config_win\org.eclipse.equinox.launcher\org.eclipse.equinox.launcher.win32.win32.x86_64_1.3.0.v20260203-2149\eclipse_11919.dll
Event: 8.030 Loaded shared library C:\Users\ADMIN\AppData\Local\Temp\jna-62130991\jna16787239829687912056.dll

Deoptimization events (20 events):
Event: 655.380 Thread 0x0000027cf918f910 Uncommon trap: trap_request=0xffffff45 fr.pc=0x0000027ca52c7970 relative=0x0000000000000310
Event: 655.380 Thread 0x0000027cf918f910 Uncommon trap: reason=unstable_if action=reinterpret pc=0x0000027ca52c7970 method=org.eclipse.core.internal.resources.MarkerWriter.snap(Lorg/eclipse/core/internal/resources/ResourceInfo;Lorg/eclipse/core/internal/watson/IPathRequestor;Ljava/io/DataOutputS
Event: 655.380 Thread 0x0000027cf918f910 DEOPT PACKING pc=0x0000027ca52c7970 sp=0x000000d0b5efeee0
Event: 655.380 Thread 0x0000027cf918f910 DEOPT UNPACKING pc=0x0000027ca47a6da2 sp=0x000000d0b5efed70 mode 2
Event: 655.380 Thread 0x0000027cf918f910 Uncommon trap: trap_request=0xffffff45 fr.pc=0x0000027ca52c6430 relative=0x0000000000000090
Event: 655.380 Thread 0x0000027cf918f910 Uncommon trap: reason=unstable_if action=reinterpret pc=0x0000027ca52c6430 method=org.eclipse.core.internal.resources.MarkerWriter.snap(Lorg/eclipse/core/internal/resources/ResourceInfo;Lorg/eclipse/core/internal/watson/IPathRequestor;Ljava/io/DataOutputS
Event: 655.380 Thread 0x0000027cf918f910 DEOPT PACKING pc=0x0000027ca52c6430 sp=0x000000d0b5efed90
Event: 655.380 Thread 0x0000027cf918f910 DEOPT UNPACKING pc=0x0000027ca47a6da2 sp=0x000000d0b5efece8 mode 2
Event: 1208.279 Thread 0x0000027cf918f910 Uncommon trap: trap_request=0xffffff45 fr.pc=0x0000027ca52c308c relative=0x000000000000160c
Event: 1208.279 Thread 0x0000027cf918f910 Uncommon trap: reason=unstable_if action=reinterpret pc=0x0000027ca52c308c method=org.eclipse.core.internal.utils.StringPool.add(Ljava/lang/String;)Ljava/lang/String; @ 1 c2
Event: 1208.279 Thread 0x0000027cf918f910 DEOPT PACKING pc=0x0000027ca52c308c sp=0x000000d0b5eff070
Event: 1208.279 Thread 0x0000027cf918f910 DEOPT UNPACKING pc=0x0000027ca47a6da2 sp=0x000000d0b5efefc8 mode 2
Event: 1208.279 Thread 0x0000027cf918f910 Uncommon trap: trap_request=0xffffff45 fr.pc=0x0000027ca52bf95c relative=0x000000000000165c
Event: 1208.279 Thread 0x0000027cf918f910 Uncommon trap: reason=unstable_if action=reinterpret pc=0x0000027ca52bf95c method=org.eclipse.core.internal.utils.StringPool.add(Ljava/lang/String;)Ljava/lang/String; @ 1 c2
Event: 1208.279 Thread 0x0000027cf918f910 DEOPT PACKING pc=0x0000027ca52bf95c sp=0x000000d0b5eff010
Event: 1208.279 Thread 0x0000027cf918f910 DEOPT UNPACKING pc=0x0000027ca47a6da2 sp=0x000000d0b5efefc8 mode 2
Event: 1208.279 Thread 0x0000027cf918f910 Uncommon trap: trap_request=0xffffff45 fr.pc=0x0000027ca52bd664 relative=0x00000000000007a4
Event: 1208.279 Thread 0x0000027cf918f910 Uncommon trap: reason=unstable_if action=reinterpret pc=0x0000027ca52bd664 method=org.eclipse.core.internal.utils.StringPool.add(Ljava/lang/String;)Ljava/lang/String; @ 25 c2
Event: 1208.279 Thread 0x0000027cf918f910 DEOPT PACKING pc=0x0000027ca52bd664 sp=0x000000d0b5efee20
Event: 1208.279 Thread 0x0000027cf918f910 DEOPT UNPACKING pc=0x0000027ca47a6da2 sp=0x000000d0b5efedf0 mode 2

Classes loaded (20 events):
Event: 319.707 Loading class java/util/stream/Nodes$CollectorTask$OfRef
Event: 319.709 Loading class java/util/stream/Nodes$CollectorTask
Event: 319.711 Loading class java/util/stream/Nodes$CollectorTask done
Event: 319.711 Loading class java/util/stream/Nodes$CollectorTask$OfRef done
Event: 319.712 Loading class java/util/function/LongFunction
Event: 319.713 Loading class java/util/function/LongFunction done
Event: 319.714 Loading class java/util/stream/Nodes$ConcNode
Event: 319.715 Loading class java/util/stream/Nodes$AbstractConcNode
Event: 319.716 Loading class java/util/stream/Nodes$AbstractConcNode done
Event: 319.716 Loading class java/util/stream/Nodes$ConcNode done
Event: 319.751 Loading class java/util/stream/Nodes$ToArrayTask$OfRef
Event: 319.752 Loading class java/util/stream/Nodes$ToArrayTask
Event: 319.752 Loading class java/util/stream/Nodes$ToArrayTask done
Event: 319.752 Loading class java/util/stream/Nodes$ToArrayTask$OfRef done
Event: 319.757 Loading class java/io/ObjectOutputStream$BlockDataOutputStream
Event: 319.758 Loading class java/io/ObjectOutputStream$BlockDataOutputStream done
Event: 319.758 Loading class java/io/ObjectOutputStream$HandleTable
Event: 319.759 Loading class java/io/ObjectOutputStream$HandleTable done
Event: 319.759 Loading class java/io/ObjectOutputStream$ReplaceTable
Event: 319.759 Loading class java/io/ObjectOutputStream$ReplaceTable done

Classes unloaded (18 events):
Event: 9.549 Thread 0x0000027cb0a935f0 Unloading class 0x0000027cb21a4000 'java/lang/invoke/LambdaForm$MH+0x0000027cb21a4000'
Event: 9.549 Thread 0x0000027cb0a935f0 Unloading class 0x0000027cb21a3c00 'java/lang/invoke/LambdaForm$MH+0x0000027cb21a3c00'
Event: 9.549 Thread 0x0000027cb0a935f0 Unloading class 0x0000027cb21a3800 'java/lang/invoke/LambdaForm$MH+0x0000027cb21a3800'
Event: 9.549 Thread 0x0000027cb0a935f0 Unloading class 0x0000027cb21a3400 'java/lang/invoke/LambdaForm$MH+0x0000027cb21a3400'
Event: 9.549 Thread 0x0000027cb0a935f0 Unloading class 0x0000027cb21a3000 'java/lang/invoke/LambdaForm$BMH+0x0000027cb21a3000'
Event: 9.549 Thread 0x0000027cb0a935f0 Unloading class 0x0000027cb21a2c00 'java/lang/invoke/LambdaForm$DMH+0x0000027cb21a2c00'
Event: 9.549 Thread 0x0000027cb0a935f0 Unloading class 0x0000027cb21a1800 'java/lang/invoke/LambdaForm$DMH+0x0000027cb21a1800'
Event: 11.807 Thread 0x0000027cb0a935f0 Unloading class 0x0000027cb2316400 'java/lang/invoke/LambdaForm$MH+0x0000027cb2316400'
Event: 11.807 Thread 0x0000027cb0a935f0 Unloading class 0x0000027cb2315800 'java/lang/invoke/LambdaForm$MH+0x0000027cb2315800'
Event: 11.807 Thread 0x0000027cb0a935f0 Unloading class 0x0000027cb2315000 'java/lang/invoke/LambdaForm$MH+0x0000027cb2315000'
Event: 11.807 Thread 0x0000027cb0a935f0 Unloading class 0x0000027cb2314400 'java/lang/invoke/LambdaForm$DMH+0x0000027cb2314400'
Event: 11.807 Thread 0x0000027cb0a935f0 Unloading class 0x0000027cb230f400 'java/lang/invoke/LambdaForm$MH+0x0000027cb230f400'
Event: 11.807 Thread 0x0000027cb0a935f0 Unloading class 0x0000027cb230f000 'java/lang/invoke/LambdaForm$MH+0x0000027cb230f000'
Event: 11.807 Thread 0x0000027cb0a935f0 Unloading class 0x0000027cb230e400 'java/lang/invoke/LambdaForm$MH+0x0000027cb230e400'
Event: 11.807 Thread 0x0000027cb0a935f0 Unloading class 0x0000027cb230e000 'java/lang/invoke/LambdaForm$MH+0x0000027cb230e000'
Event: 11.807 Thread 0x0000027cb0a935f0 Unloading class 0x0000027cb230d400 'java/lang/invoke/LambdaForm$MH+0x0000027cb230d400'
Event: 11.807 Thread 0x0000027cb0a935f0 Unloading class 0x0000027cb230cc00 'java/lang/invoke/LambdaForm$MH+0x0000027cb230cc00'
Event: 11.807 Thread 0x0000027cb0a935f0 Unloading class 0x0000027cb230c800 'java/lang/invoke/LambdaForm$MH+0x0000027cb230c800'

Classes redefined (0 events):
No events

Internal exceptions (20 events):
Event: 270.921 Thread 0x0000027cf8c28b10 Exception <a 'sun/nio/fs/WindowsException'{0x00000000d62d18a8}> (0x00000000d62d18a8) 
thrown [s\src\hotspot\share\prims\jni.cpp, line 520]
Event: 272.119 Thread 0x0000027cf8c24970 Exception <a 'sun/nio/fs/WindowsException'{0x00000000d65359a8}> (0x00000000d65359a8) 
thrown [s\src\hotspot\share\prims\jni.cpp, line 520]
Event: 273.194 Thread 0x0000027cf9190630 Exception <a 'sun/nio/fs/WindowsException'{0x00000000d66455e8}> (0x00000000d66455e8) 
thrown [s\src\hotspot\share\prims\jni.cpp, line 520]
Event: 319.738 Thread 0x0000027cf8c26a40 Implicit null exception at 0x0000027ca5273c98 to 0x0000027ca5274cdc
Event: 319.806 Thread 0x0000027cf8c26a40 Exception <a 'java/lang/NoSuchMethodError'{0x00000000d67e7940}: 'java.lang.Object java.lang.invoke.DirectMethodHandle$Holder.newInvokeSpecial(java.lang.Object, java.lang.Object, java.lang.Object, java.lang.Object, java.lang.Object, java.lang.Object, java.lang.Object, java.lang.Object)'> (0x00000000d67e7940) 
thrown [s\src\hotspot\share\interpreter\linkResolver.cpp, line 773]
Event: 355.669 Thread 0x0000027cf918f910 Exception <a 'sun/nio/fs/WindowsException'{0x00000000d558afc8}> (0x00000000d558afc8) 
thrown [s\src\hotspot\share\prims\jni.cpp, line 520]
Event: 355.727 Thread 0x0000027cf918f910 Exception <a 'sun/nio/fs/WindowsException'{0x00000000d55b53e8}> (0x00000000d55b53e8) 
thrown [s\src\hotspot\share\prims\jni.cpp, line 520]
Event: 357.252 Thread 0x0000027cf8c26a40 Exception <a 'sun/nio/fs/WindowsException'{0x00000000d56635d8}> (0x00000000d56635d8) 
thrown [s\src\hotspot\share\prims\jni.cpp, line 520]
Event: 361.275 Thread 0x0000027cf8c26a40 Exception <a 'sun/nio/fs/WindowsException'{0x00000000d5777630}> (0x00000000d5777630) 
thrown [s\src\hotspot\share\prims\jni.cpp, line 520]
Event: 362.297 Thread 0x0000027cf918f910 Exception <a 'sun/nio/fs/WindowsException'{0x00000000d580e9a8}> (0x00000000d580e9a8) 
thrown [s\src\hotspot\share\prims\jni.cpp, line 520]
Event: 462.544 Thread 0x0000027cf8c24970 Exception <a 'sun/nio/fs/WindowsException'{0x00000000d668b4d8}> (0x00000000d668b4d8) 
thrown [s\src\hotspot\share\prims\jni.cpp, line 520]
Event: 477.704 Thread 0x0000027cf8c24970 Exception <a 'sun/nio/fs/WindowsException'{0x00000000d6743550}> (0x00000000d6743550) 
thrown [s\src\hotspot\share\prims\jni.cpp, line 520]
Event: 477.902 Thread 0x0000027cf8c24970 Exception <a 'sun/nio/fs/WindowsException'{0x00000000d5e71b70}> (0x00000000d5e71b70) 
thrown [s\src\hotspot\share\prims\jni.cpp, line 520]
Event: 477.935 Thread 0x0000027cf8c24970 Exception <a 'sun/nio/fs/WindowsException'{0x00000000d5e860e0}> (0x00000000d5e860e0) 
thrown [s\src\hotspot\share\prims\jni.cpp, line 520]
Event: 501.834 Thread 0x0000027cf918f910 Exception <a 'sun/nio/fs/WindowsException'{0x00000000d5f9ad90}> (0x00000000d5f9ad90) 
thrown [s\src\hotspot\share\prims\jni.cpp, line 520]
Event: 537.152 Thread 0x0000027cf8c24970 Exception <a 'sun/nio/fs/WindowsException'{0x00000000d59a8b20}> (0x00000000d59a8b20) 
thrown [s\src\hotspot\share\prims\jni.cpp, line 520]
Event: 537.180 Thread 0x0000027cf8c24970 Exception <a 'sun/nio/fs/WindowsException'{0x00000000d59b7c98}> (0x00000000d59b7c98) 
thrown [s\src\hotspot\share\prims\jni.cpp, line 520]
Event: 541.738 Thread 0x0000027cf918f910 Exception <a 'sun/nio/fs/WindowsException'{0x00000000d5aa9e48}> (0x00000000d5aa9e48) 
thrown [s\src\hotspot\share\prims\jni.cpp, line 520]
Event: 1208.279 Thread 0x0000027cf918f910 Implicit null exception at 0x0000027ca52c1ad0 to 0x0000027ca52c306c
Event: 1208.279 Thread 0x0000027cf918f910 Implicit null exception at 0x0000027ca52be34e to 0x0000027ca52bf948

ZGC Phase Switch (0 events):
No events

VM Operations (20 events):
Event: 1700.552 Executing non-safepoint VM operation: HandshakeAllThreads (HandshakeForDeflation)
Event: 1700.552 Executing non-safepoint VM operation: HandshakeAllThreads (HandshakeForDeflation) done
Event: 1700.552 Executing non-safepoint VM operation: RendezvousGCThreads
Event: 1700.552 Executing non-safepoint VM operation: RendezvousGCThreads done
Event: 1880.916 Executing non-safepoint VM operation: HandshakeAllThreads (HandshakeForDeflation)
Event: 1880.916 Executing non-safepoint VM operation: HandshakeAllThreads (HandshakeForDeflation) done
Event: 1880.916 Executing non-safepoint VM operation: RendezvousGCThreads
Event: 1880.916 Executing non-safepoint VM operation: RendezvousGCThreads done
Event: 2121.437 Executing non-safepoint VM operation: HandshakeAllThreads (HandshakeForDeflation)
Event: 2121.437 Executing non-safepoint VM operation: HandshakeAllThreads (HandshakeForDeflation) done
Event: 2121.437 Executing non-safepoint VM operation: RendezvousGCThreads
Event: 2121.437 Executing non-safepoint VM operation: RendezvousGCThreads done
Event: 2181.701 Executing non-safepoint VM operation: HandshakeAllThreads (HandshakeForDeflation)
Event: 2181.701 Executing non-safepoint VM operation: HandshakeAllThreads (HandshakeForDeflation) done
Event: 2181.701 Executing non-safepoint VM operation: RendezvousGCThreads
Event: 2181.701 Executing non-safepoint VM operation: RendezvousGCThreads done
Event: 2241.843 Executing non-safepoint VM operation: HandshakeAllThreads (HandshakeForDeflation)
Event: 2241.843 Executing non-safepoint VM operation: HandshakeAllThreads (HandshakeForDeflation) done
Event: 2241.843 Executing non-safepoint VM operation: RendezvousGCThreads
Event: 2241.843 Executing non-safepoint VM operation: RendezvousGCThreads done

Memory protections (0 events):
No events

Nmethod flushes (20 events):
Event: 20.772 Thread 0x0000027cb0a935f0 flushing  nmethod 0x0000027c9daae490
Event: 20.772 Thread 0x0000027cb0a935f0 flushing  nmethod 0x0000027c9daae810
Event: 20.772 Thread 0x0000027cb0a935f0 flushing  nmethod 0x0000027c9daaf710
Event: 20.772 Thread 0x0000027cb0a935f0 flushing  nmethod 0x0000027c9dac6490
Event: 20.772 Thread 0x0000027cb0a935f0 flushing  nmethod 0x0000027c9dac6b90
Event: 20.772 Thread 0x0000027cb0a935f0 flushing  nmethod 0x0000027c9dac8490
Event: 20.772 Thread 0x0000027cb0a935f0 flushing  nmethod 0x0000027c9dac8a90
Event: 20.772 Thread 0x0000027cb0a935f0 flushing  nmethod 0x0000027c9dac9310
Event: 20.772 Thread 0x0000027cb0a935f0 flushing  nmethod 0x0000027c9dacba10
Event: 20.772 Thread 0x0000027cb0a935f0 flushing  nmethod 0x0000027c9dad6b90
Event: 20.772 Thread 0x0000027cb0a935f0 flushing  nmethod 0x0000027c9dadba10
Event: 20.772 Thread 0x0000027cb0a935f0 flushing  nmethod 0x0000027c9db14510
Event: 20.772 Thread 0x0000027cb0a935f0 flushing  nmethod 0x0000027c9db30510
Event: 20.772 Thread 0x0000027cb0a935f0 flushing  nmethod 0x0000027c9db3fe90
Event: 20.772 Thread 0x0000027cb0a935f0 flushing  nmethod 0x0000027c9db40e10
Event: 20.772 Thread 0x0000027cb0a935f0 flushing  nmethod 0x0000027c9db41f90
Event: 20.772 Thread 0x0000027cb0a935f0 flushing  nmethod 0x0000027c9db44210
Event: 20.772 Thread 0x0000027cb0a935f0 flushing  nmethod 0x0000027c9db46710
Event: 20.772 Thread 0x0000027cb0a935f0 flushing  nmethod 0x0000027c9db47510
Event: 20.772 Thread 0x0000027cb0a935f0 flushing  nmethod 0x0000027c9db48210

Events (20 events):
Event: 532.083 Thread 0x0000027cf3444270 Thread added: 0x0000027cf872d9f0
Event: 537.305 Thread 0x0000027cf872d9f0 Thread exited: 0x0000027cf872d9f0
Event: 570.961 Thread 0x0000027cf918cb20 Thread exited: 0x0000027cf918cb20
Event: 570.961 Thread 0x0000027cf918d1b0 Thread exited: 0x0000027cf918d1b0
Event: 591.437 Thread 0x0000027cf918e560 Thread exited: 0x0000027cf918e560
Event: 592.074 Thread 0x0000027cf918ffa0 Thread exited: 0x0000027cf918ffa0
Event: 601.746 Thread 0x0000027cf9189010 Thread exited: 0x0000027cf9189010
Event: 603.261 Thread 0x0000027cf8c26a40 Thread exited: 0x0000027cf8c26a40
Event: 655.352 Thread 0x0000027cf918f910 Thread added: 0x0000027cf9189010
Event: 655.355 Thread 0x0000027cf9189010 Thread exited: 0x0000027cf9189010
Event: 655.362 Thread 0x0000027cf918f910 Thread added: 0x0000027cf9189010
Event: 655.363 Thread 0x0000027cf9189010 Thread added: 0x0000027cf918cb20
Event: 655.364 Thread 0x0000027cf9189010 Thread added: 0x0000027cf918d840
Event: 655.364 Thread 0x0000027cf918d840 Thread exited: 0x0000027cf918d840
Event: 655.364 Thread 0x0000027cf9189010 Thread exited: 0x0000027cf9189010
Event: 655.364 Thread 0x0000027cf918cb20 Thread exited: 0x0000027cf918cb20
Event: 759.214 Thread 0x0000027cf8c28b10 Thread exited: 0x0000027cf8c28b10
Event: 759.214 Thread 0x0000027cf8c242e0 Thread exited: 0x0000027cf8c242e0
Event: 831.846 Thread 0x0000027cf91896a0 Thread exited: 0x0000027cf91896a0
Event: 831.846 Thread 0x0000027cf918f280 Thread exited: 0x0000027cf918f280


Dynamic libraries:
0x00007ff787d10000 - 0x00007ff787d1e000 	c:\Users\ADMIN\.vscode\extensions\redhat.java-1.54.0-win32-x64\jre\21.0.10-win32-x86_64\bin\java.exe
0x00007ffe71bc0000 - 0x00007ffe71e26000 	C:\WINDOWS\SYSTEM32\ntdll.dll
0x00007ffe39380000 - 0x00007ffe393a1000 	C:\Program Files\AVG\Antivirus\aswhook.dll
0x00007ffe70d60000 - 0x00007ffe70e29000 	C:\WINDOWS\System32\KERNEL32.DLL
0x00007ffe6f000000 - 0x00007ffe6f3fa000 	C:\WINDOWS\System32\KERNELBASE.dll
0x00007ffe6aa10000 - 0x00007ffe6aab0000 	C:\WINDOWS\SYSTEM32\apphelp.dll
0x00007ffe6f750000 - 0x00007ffe6f89c000 	C:\WINDOWS\System32\ucrtbase.dll
0x00007ffe53ae0000 - 0x00007ffe53af8000 	c:\Users\ADMIN\.vscode\extensions\redhat.java-1.54.0-win32-x64\jre\21.0.10-win32-x86_64\bin\jli.dll
0x00007ffe453b0000 - 0x00007ffe453ce000 	c:\Users\ADMIN\.vscode\extensions\redhat.java-1.54.0-win32-x64\jre\21.0.10-win32-x86_64\bin\VCRUNTIME140.dll
0x00007ffe70b10000 - 0x00007ffe70cd7000 	C:\WINDOWS\System32\USER32.dll
0x00007ffe6efd0000 - 0x00007ffe6eff7000 	C:\WINDOWS\System32\win32u.dll
0x00007ffe6e120000 - 0x00007ffe6e3b2000 	C:\WINDOWS\WinSxS\amd64_microsoft.windows.common-controls_6595b64144ccf1df_6.0.26100.8521_none_3e08b75ce33403b3\COMCTL32.dll
0x00007ffe71180000 - 0x00007ffe711ab000 	C:\WINDOWS\System32\GDI32.dll
0x00007ffe713c0000 - 0x00007ffe71469000 	C:\WINDOWS\System32\msvcrt.dll
0x00007ffe6f4b0000 - 0x00007ffe6f5db000 	C:\WINDOWS\System32\gdi32full.dll
0x00007ffe6f5e0000 - 0x00007ffe6f683000 	C:\WINDOWS\System32\msvcp_win.dll
0x00007ffe712b0000 - 0x00007ffe712e2000 	C:\WINDOWS\System32\IMM32.DLL
0x00007ffe68a10000 - 0x00007ffe68a1c000 	c:\Users\ADMIN\.vscode\extensions\redhat.java-1.54.0-win32-x64\jre\21.0.10-win32-x86_64\bin\vcruntime140_1.dll
0x00007ffe45220000 - 0x00007ffe452ad000 	c:\Users\ADMIN\.vscode\extensions\redhat.java-1.54.0-win32-x64\jre\21.0.10-win32-x86_64\bin\msvcp140.dll
0x00007ffdb29d0000 - 0x00007ffdb3771000 	c:\Users\ADMIN\.vscode\extensions\redhat.java-1.54.0-win32-x64\jre\21.0.10-win32-x86_64\bin\server\jvm.dll
0x00007ffe71300000 - 0x00007ffe713b6000 	C:\WINDOWS\System32\ADVAPI32.dll
0x00007ffe70a60000 - 0x00007ffe70b0a000 	C:\WINDOWS\System32\sechost.dll
0x00007ffe70940000 - 0x00007ffe70a58000 	C:\WINDOWS\System32\RPCRT4.dll
0x00007ffe71ab0000 - 0x00007ffe71b30000 	C:\WINDOWS\System32\WS2_32.dll
0x00007ffe6e6b0000 - 0x00007ffe6e70e000 	C:\WINDOWS\SYSTEM32\POWRPROF.dll
0x00007ffe5f8b0000 - 0x00007ffe5f8bb000 	C:\WINDOWS\SYSTEM32\VERSION.dll
0x00007ffe648d0000 - 0x00007ffe64906000 	C:\WINDOWS\SYSTEM32\WINMM.dll
0x00007ffe6e580000 - 0x00007ffe6e594000 	C:\WINDOWS\SYSTEM32\UMPDC.dll
0x00007ffe6d4c0000 - 0x00007ffe6d4db000 	C:\WINDOWS\SYSTEM32\kernel.appcore.dll
0x00007ffe68910000 - 0x00007ffe6891a000 	c:\Users\ADMIN\.vscode\extensions\redhat.java-1.54.0-win32-x64\jre\21.0.10-win32-x86_64\bin\jimage.dll
0x00007ffe6e740000 - 0x00007ffe6e982000 	C:\WINDOWS\SYSTEM32\DBGHELP.DLL
0x00007ffe705b0000 - 0x00007ffe70933000 	C:\WINDOWS\System32\combase.dll
0x00007ffe71910000 - 0x00007ffe719e9000 	C:\WINDOWS\System32\OLEAUT32.dll
0x00007ffe6e5a0000 - 0x00007ffe6e5db000 	C:\WINDOWS\SYSTEM32\dbgcore.DLL
0x00007ffe6f400000 - 0x00007ffe6f4a8000 	C:\WINDOWS\System32\bcryptPrimitives.dll
0x00007ffe54040000 - 0x00007ffe5404f000 	c:\Users\ADMIN\.vscode\extensions\redhat.java-1.54.0-win32-x64\jre\21.0.10-win32-x86_64\bin\instrument.dll
0x00007ffe45390000 - 0x00007ffe453b0000 	c:\Users\ADMIN\.vscode\extensions\redhat.java-1.54.0-win32-x64\jre\21.0.10-win32-x86_64\bin\java.dll
0x00007ffe6f940000 - 0x00007ffe700c4000 	C:\WINDOWS\System32\SHELL32.dll
0x00007ffe6bf60000 - 0x00007ffe6c7e0000 	C:\WINDOWS\SYSTEM32\windows.storage.dll
0x00007ffe70e40000 - 0x00007ffe70f36000 	C:\WINDOWS\System32\SHCORE.dll
0x00007ffe711b0000 - 0x00007ffe71217000 	C:\WINDOWS\System32\shlwapi.dll
0x00007ffe6ed70000 - 0x00007ffe6ed99000 	C:\WINDOWS\SYSTEM32\profapi.dll
0x00007ffe45370000 - 0x00007ffe45388000 	c:\Users\ADMIN\.vscode\extensions\redhat.java-1.54.0-win32-x64\jre\21.0.10-win32-x86_64\bin\zip.dll
0x00007ffe53be0000 - 0x00007ffe53bf0000 	C:\Users\ADMIN\.vscode\extensions\redhat.java-1.54.0-win32-x64\jre\21.0.10-win32-x86_64\bin\net.dll
0x00007ffe66c00000 - 0x00007ffe66d29000 	C:\WINDOWS\SYSTEM32\WINHTTP.dll
0x00007ffe6da60000 - 0x00007ffe6dacc000 	C:\WINDOWS\system32\mswsock.dll
0x00007ffe45350000 - 0x00007ffe45366000 	C:\Users\ADMIN\.vscode\extensions\redhat.java-1.54.0-win32-x64\jre\21.0.10-win32-x86_64\bin\nio.dll
0x00007ffe52870000 - 0x00007ffe52880000 	c:\Users\ADMIN\.vscode\extensions\redhat.java-1.54.0-win32-x64\jre\21.0.10-win32-x86_64\bin\verify.dll
0x00007ffe35260000 - 0x00007ffe352a5000 	C:\Users\ADMIN\AppData\Roaming\Code\User\globalStorage\redhat.java\1.54.0\config_win\org.eclipse.equinox.launcher\org.eclipse.equinox.launcher.win32.win32.x86_64_1.3.0.v20260203-2149\eclipse_11919.dll
0x00007ffe716d0000 - 0x00007ffe71868000 	C:\WINDOWS\System32\ole32.dll
0x00007ffe6ea90000 - 0x00007ffe6eaab000 	C:\WINDOWS\SYSTEM32\CRYPTSP.dll
0x00007ffe6d420000 - 0x00007ffe6d459000 	C:\WINDOWS\system32\rsaenh.dll
0x00007ffe6db10000 - 0x00007ffe6db43000 	C:\WINDOWS\SYSTEM32\USERENV.dll
0x00007ffe6ed40000 - 0x00007ffe6ed6a000 	C:\WINDOWS\SYSTEM32\bcrypt.dll
0x00007ffe6dd60000 - 0x00007ffe6dd6c000 	C:\WINDOWS\SYSTEM32\CRYPTBASE.dll
0x00007ffe6ccb0000 - 0x00007ffe6cce3000 	C:\WINDOWS\SYSTEM32\IPHLPAPI.DLL
0x00007ffe71b70000 - 0x00007ffe71b7a000 	C:\WINDOWS\System32\NSI.dll
0x00007ffe16190000 - 0x00007ffe161d9000 	C:\Users\ADMIN\AppData\Local\Temp\jna-62130991\jna16787239829687912056.dll
0x00007ffe6f930000 - 0x00007ffe6f938000 	C:\WINDOWS\System32\PSAPI.DLL
0x00007ffe686e0000 - 0x00007ffe686fd000 	C:\WINDOWS\SYSTEM32\dhcpcsvc6.DLL
0x00007ffe68690000 - 0x00007ffe686b5000 	C:\WINDOWS\SYSTEM32\dhcpcsvc.DLL

JVMTI agents:
c:\Users\ADMIN\.vscode\extensions\redhat.java-1.54.0-win32-x64\lombok\lombok-1.18.39-4050.jar path:c:\Users\ADMIN\.vscode\extensions\redhat.java-1.54.0-win32-x64\jre\21.0.10-win32-x86_64\bin\instrument.dll, loaded, initialized, instrumentlib options:none

dbghelp: loaded successfully - version: 4.0.5 - missing functions: none
symbol engine: initialized successfully - sym options: 0x614 - pdb path: .;c:\Users\ADMIN\.vscode\extensions\redhat.java-1.54.0-win32-x64\jre\21.0.10-win32-x86_64\bin;C:\WINDOWS\SYSTEM32;C:\Program Files\AVG\Antivirus;C:\WINDOWS\WinSxS\amd64_microsoft.windows.common-controls_6595b64144ccf1df_6.0.26100.8521_none_3e08b75ce33403b3;c:\Users\ADMIN\.vscode\extensions\redhat.java-1.54.0-win32-x64\jre\21.0.10-win32-x86_64\bin\server;C:\Users\ADMIN\AppData\Roaming\Code\User\globalStorage\redhat.java\1.54.0\config_win\org.eclipse.equinox.launcher\org.eclipse.equinox.launcher.win32.win32.x86_64_1.3.0.v20260203-2149;C:\Users\ADMIN\AppData\Local\Temp\jna-62130991

VM Arguments:
jvm_args: --add-modules=ALL-SYSTEM --add-opens=java.base/java.util=ALL-UNNAMED --add-opens=java.base/java.lang=ALL-UNNAMED --add-opens=java.base/sun.nio.fs=ALL-UNNAMED -Declipse.application=org.eclipse.jdt.ls.core.id1 -Dosgi.bundles.defaultStartLevel=4 -Declipse.product=org.eclipse.jdt.ls.core.product -Djava.import.generatesMetadataFilesAtProjectRoot=false -DDetectVMInstallationsJob.disabled=true -Dfile.encoding=utf8 -XX:+UseParallelGC -XX:GCTimeRatio=4 -XX:AdaptiveSizePolicyWeight=90 -Dsun.zip.disableMemoryMapping=true -Xmx2G -Xms100m -Xlog:disable -javaagent:c:\Users\ADMIN\.vscode\extensions\redhat.java-1.54.0-win32-x64\lombok\lombok-1.18.39-4050.jar -XX:+HeapDumpOnOutOfMemoryError -XX:HeapDumpPath=c:\Users\ADMIN\AppData\Roaming\Code\User\workspaceStorage\219e1a93732ce2cdba2c1deeac59f578\redhat.java -Daether.dependencyCollector.impl=bf 
java_command: c:\Users\ADMIN\.vscode\extensions\redhat.java-1.54.0-win32-x64\server\plugins\org.eclipse.equinox.launcher_1.7.100.v20251111-0406.jar -configuration c:\Users\ADMIN\AppData\Roaming\Code\User\globalStorage\redhat.java\1.54.0\config_win -data c:\Users\ADMIN\AppData\Roaming\Code\User\workspaceStorage\219e1a93732ce2cdba2c1deeac59f578\redhat.java\jdt_ws --pipe=\\.\pipe\lsp-2e3d66f223e626a789325f0e8ada6834-sock
java_class_path (initial): c:\Users\ADMIN\.vscode\extensions\redhat.java-1.54.0-win32-x64\server\plugins\org.eclipse.equinox.launcher_1.7.100.v20251111-0406.jar
Launcher Type: SUN_STANDARD

[Global flags]
    uintx AdaptiveSizePolicyWeight                 = 90                                        {product} {command line}
     intx CICompilerCount                          = 4                                         {product} {ergonomic}
    uintx GCTimeRatio                              = 4                                         {product} {command line}
     bool HeapDumpOnOutOfMemoryError               = true                                   {manageable} {command line}
    ccstr HeapDumpPath                             = c:\Users\ADMIN\AppData\Roaming\Code\User\workspaceStorage\219e1a93732ce2cdba2c1deeac59f578\redhat.java         {manageable} {command line}
   size_t InitialHeapSize                          = 104857600                                 {product} {command line}
   size_t MaxHeapSize                              = 2147483648                                {product} {command line}
   size_t MaxNewSize                               = 715653120                                 {product} {ergonomic}
   size_t MinHeapDeltaBytes                        = 524288                                    {product} {ergonomic}
   size_t MinHeapSize                              = 104857600                                 {product} {command line}
   size_t NewSize                                  = 34603008                                  {product} {ergonomic}
    uintx NonNMethodCodeHeapSize                   = 5839372                                {pd product} {ergonomic}
    uintx NonProfiledCodeHeapSize                  = 122909434                              {pd product} {ergonomic}
   size_t OldSize                                  = 70254592                                  {product} {ergonomic}
    uintx ProfiledCodeHeapSize                     = 122909434                              {pd product} {ergonomic}
    uintx ReservedCodeCacheSize                    = 251658240                              {pd product} {ergonomic}
     bool SegmentedCodeCache                       = true                                      {product} {ergonomic}
   size_t SoftMaxHeapSize                          = 2147483648                             {manageable} {ergonomic}
     bool UseCompressedOops                        = true                           {product lp64_product} {ergonomic}
     bool UseLargePagesIndividualAllocation        = false                                  {pd product} {ergonomic}
     bool UseParallelGC                            = true                                      {product} {command line}

Logging:
Log output configuration:
 #0: stdout all=off uptime,level,tags foldmultilines=false
 #1: stderr all=off uptime,level,tags foldmultilines=false

Release file:
JAVA_VERSION="21.0.10" 
MODULES="java.base java.compiler java.datatransfer java.xml java.prefs java.desktop java.instrument java.logging java.management java.security.sasl java.naming java.rmi java.management.rmi java.net.http java.scripting java.security.jgss java.transaction.xa java.sql java.sql.rowset java.xml.crypto java.se java.smartcardio jdk.accessibility jdk.internal.jvmstat jdk.attach jdk.charsets jdk.internal.opt jdk.zipfs jdk.compiler jdk.crypto.ec jdk.crypto.cryptoki jdk.crypto.mscapi jdk.dynalink jdk.internal.ed jdk.editpad jdk.hotspot.agent jdk.httpserver jdk.internal.le jdk.internal.vm.ci jdk.internal.vm.compiler jdk.internal.vm.compiler.management jdk.jartool jdk.javadoc jdk.jcmd jdk.management jdk.management.agent jdk.jconsole jdk.jdeps jdk.jdwp.agent jdk.jdi jdk.jfr jdk.jshell jdk.jsobject jdk.jstatd jdk.localedata jdk.management.jfr jdk.naming.dns jdk.naming.rmi jdk.net jdk.nio.mapmode jdk.random jdk.sctp jdk.security.auth jdk.security.jgss jdk.unsupported jdk.unsupported.desktop jdk.xml.dom" 

Environment Variables:
PATH=C:\Python314\Scripts\;C:\Python314\;C:\Program Files\Common Files\Oracle\Java\javapath;C:\WINDOWS\system32;C:\WINDOWS;C:\WINDOWS\System32\Wbem;C:\WINDOWS\System32\WindowsPowerShell\v1.0\;C:\WINDOWS\System32\OpenSSH\;C:\Program Files\nodejs\;C:\ProgramData\chocolatey\bin;C:\Program Files\Java\jdk-25\bin;C:\Program Files\Git\cmd;C:\Program Files\Git\bin;C:\MinGW\bin;C:\Program Files\mongosh-2.5.10-win32-x64\mongosh-2.5.10-win32-x64\bin;C:\Program Files\MongoDB\Server\8.2\bin;C:\Program Files\Amazon\AWSCLIV2\;C:\Program Files (x86)\Microsoft SQL Server\170\Tools\Binn\;C:\Program Files\Microsoft SQL Server\170\Tools\Binn\;C:\Program Files\Microsoft SQL Server\Client SDK\ODBC\180\Tools\Binn\;C:\Program Files\Microsoft SQL Server\170\DTS\Binn\;C:\Program Files\MySQL\MySQL Shell 9.7\bin\;C:\Users\ADMIN\AppData\Local\Microsoft\WindowsApps;C:\Users\ADMIN\AppData\Local\Programs\Microsoft VS Code\bin;C:\Users\ADMIN\AppData\Roaming\npm;C:\Users\ADMIN\AppData\Local\Python\bin;C:\Program Files\JetBrains\IntelliJ IDEA 2025.3.1\bin;
USERNAME=ADMIN
OS=Windows_NT
PROCESSOR_IDENTIFIER=Intel64 Family 6 Model 140 Stepping 1, GenuineIntel
TMP=C:\Users\ADMIN\AppData\Local\Temp
TEMP=C:\Users\ADMIN\AppData\Local\Temp




Periodic native trim disabled

---------------  S Y S T E M  ---------------

OS:
 Windows 11 , 64 bit Build 26100 (10.0.26100.8521)
OS uptime: 0 days 5:02 hours
Hyper-V role detected

CPU: total 8 (initial active 8) (4 cores per cpu, 2 threads per core) family 6 model 140 stepping 1 microcode 0xb4, cx8, cmov, fxsr, ht, mmx, 3dnowpref, sse, sse2, sse3, ssse3, sse4.1, sse4.2, popcnt, lzcnt, tsc, tscinvbit, avx, avx2, aes, erms, clmul, bmi1, bmi2, adx, avx512f, avx512dq, avx512cd, avx512bw, avx512vl, sha, fma, vzeroupper, avx512_vpopcntdq, avx512_vpclmulqdq, avx512_vaes, avx512_vnni, clflush, clflushopt, clwb, avx512_vbmi2, avx512_vbmi, hv, rdtscp, rdpid, fsrm, gfni, avx512_bitalg, f16c, cet_ibt, cet_ss, avx512_ifma
Processor Information for processor 0
  Max Mhz: 2401, Current Mhz: 1100, Mhz Limit: 2401
Processor Information for processor 1
  Max Mhz: 2401, Current Mhz: 1100, Mhz Limit: 2401
Processor Information for processor 2
  Max Mhz: 2401, Current Mhz: 2401, Mhz Limit: 2401
Processor Information for processor 3
  Max Mhz: 2401, Current Mhz: 2401, Mhz Limit: 2401
Processor Information for processor 4
  Max Mhz: 2401, Current Mhz: 2401, Mhz Limit: 2401
Processor Information for processor 5
  Max Mhz: 2401, Current Mhz: 1100, Mhz Limit: 2401
Processor Information for processor 6
  Max Mhz: 2401, Current Mhz: 1100, Mhz Limit: 2401
Processor Information for processor 7
  Max Mhz: 2401, Current Mhz: 1100, Mhz Limit: 2401

Memory: 4k page, system-wide physical 7834M (512M free)
TotalPageFile size 17359M (AvailPageFile size 4M)
current process WorkingSet (physical memory assigned to process): 8M, peak: 279M
current process commit charge ("private bytes"): 343M, peak: 386M

vm_info: OpenJDK 64-Bit Server VM (21.0.10+7-LTS) for windows-amd64 JRE (21.0.10+7-LTS), built on 2026-01-20T00:00:00Z by "admin" with MS VC++ 17.12 (VS2022)

END.
